<?xml version="1.0" encoding="UTF-8"?>
<!-- Generated by org.testng.reporters.JUnitReportReporter -->
<testsuite hostname="DESKTOP-SDEV2L1" failures="0" tests="1" name="com.git.hub.GitHubDemo" time="5.302" errors="0" timestamp="2020-11-24T12:04:25 PST" skipped="0">
  <testcase classname="com.git.hub.GitHubDemo" name="githubDemo" time="5.302"/>
  <system-out/>
</testsuite> <!-- com.git.hub.GitHubDemo -->
